<?xml version="1.0" encoding="UTF-8"?>
<!-- Generated by org.testng.reporters.JUnitXMLReporter -->
<testsuite ignored="0" hostname="Leo_Esains" failures="0" tests="6" name="Default test" time="18.894" errors="0" timestamp="2022-07-10T11:30:26 ART">
  <testcase classname="ToolsQA" name="loadPage" time="11.851"/>
  <testcase classname="ToolsQA" name="newUser" time="0.885"/>
  <testcase classname="ToolsQA" name="backToLogin" time="0.083"/>
  <testcase classname="ToolsQA" name="login" time="0.32"/>
  <testcase classname="ToolsQA" name="logout" time="1.118"/>
  <testcase classname="ToolsQA" name="alerts" time="3.302"/>
</testsuite> <!-- Default test -->
