<?xml version="1.0" encoding="UTF-8"?>
<!-- Generated by org.testng.reporters.JUnitXMLReporter -->
<testsuite ignored="0" hostname="MacBook-Air-de-juan-13985.local" failures="3" tests="11" name="Test" time="45.991" errors="0" timestamp="2021-11-01T13:27:57 ART">
  <testcase classname="MercadoLibre" name="login" time="0.021"/>
  <testcase classname="MercadoLibre" name="loadPage" time="5.925">
    <failure type="java.lang.AssertionError" message="expected [Mercado Libre Argentina - Envíos Gratis en el día] but found [Ofertas del Cyber Monday 2021 | Mercado Libre]">
      <![CDATA[java.lang.AssertionError: expected [Mercado Libre Argentina - Envíos Gratis en el día] but found [Ofertas del Cyber Monday 2021 | Mercado Libre]
at MercadoLibre.loadPage(MercadoLibre.java:32)
at java.base/java.util.concurrent.ThreadPoolExecutor.runWorker(ThreadPoolExecutor.java:1128)
at java.base/java.util.concurrent.ThreadPoolExecutor$Worker.run(ThreadPoolExecutor.java:628)
at java.base/java.lang.Thread.run(Thread.java:835)
... Removed 18 stack frames]]>
    </failure>
  </testcase> <!-- loadPage -->
  <testcase classname="Spotify" name="loadPage" time="9.354">
    <failure type="java.lang.AssertionError" message="expected [Spotify - Web Player: Music for everyone] but found [Spotify – Reproductor web]">
      <![CDATA[java.lang.AssertionError: expected [Spotify - Web Player: Music for everyone] but found [Spotify – Reproductor web]
at Spotify.loadPage(Spotify.java:30)
at java.base/java.util.concurrent.ThreadPoolExecutor.runWorker(ThreadPoolExecutor.java:1128)
at java.base/java.util.concurrent.ThreadPoolExecutor$Worker.run(ThreadPoolExecutor.java:628)
at java.base/java.lang.Thread.run(Thread.java:835)
... Removed 18 stack frames]]>
    </failure>
  </testcase> <!-- loadPage -->
  <testcase classname="YouTube" name="loadPage" time="14.249"/>
  <testcase classname="Spotify" name="closeDriver" time="0.002"/>
  <testcase classname="Spotify" name="login" time="16.004"/>
  <testcase classname="YouTube" name="finishTest" time="0.001"/>
  <testcase classname="MercadoLibre" name="finishTest" time="3.225"/>
  <testcase classname="MercadoLibre" name="searchProduct" time="17.551">
    <failure type="org.openqa.selenium.NoSuchSessionException" message="invalid session id
Build info: version: &amp;apos;3.6.0&amp;apos;, revision: &amp;apos;6fbf3ec767&amp;apos;, time: &amp;apos;2017-09-27T16:15:26.402Z&amp;apos;
System info: host: &amp;apos;MacBook-Air-de-juan-13985.local&amp;apos;, ip: &amp;apos;fe80:0:0:0:182b:299b:a3e8:3227%en0&amp;apos;, os.name: &amp;apos;Mac OS X&amp;apos;, os.arch: &amp;apos;x86_64&amp;apos;, os.version: &amp;apos;10.13.6&amp;apos;, java.version: &amp;apos;12&amp;apos;
Driver info: org.openqa.selenium.chrome.ChromeDriver
Capabilities [{networkConnectionEnabled=false, chrome={chromedriverVersion=94.0.4606.61 (418b78f5838ed0b1c69bb4e51ea0252171854915-refs/branch-heads/4606@{#1204}), userDataDir=/var/folders/nb/gz7_4rn10cvf559z4vwf5yww0000gn/T/.com.google.Chrome.vYcRZu}, timeouts={implicit=0, pageLoad=300000, script=30000}, pageLoadStrategy=normal, unhandledPromptBehavior=dismiss and notify, strictFileInteractability=false, platform=MAC, proxy=Proxy(), goog:chromeOptions={debuggerAddress=localhost:50303}, webauthn:extension:credBlob=true, acceptInsecureCerts=false, browserVersion=95.0.4638.54, browserName=chrome, javascriptEnabled=true, platformName=MAC, setWindowRect=true, webauthn:extension:largeBlob=true, webauthn:virtualAuthenticators=true}]
Session ID: bed72f04a591f36256c6892c824eeffc">
      <![CDATA[org.openqa.selenium.NoSuchSessionException: invalid session id
Build info: version: '3.6.0', revision: '6fbf3ec767', time: '2017-09-27T16:15:26.402Z'
System info: host: 'MacBook-Air-de-juan-13985.local', ip: 'fe80:0:0:0:182b:299b:a3e8:3227%en0', os.name: 'Mac OS X', os.arch: 'x86_64', os.version: '10.13.6', java.version: '12'
Driver info: org.openqa.selenium.chrome.ChromeDriver
Capabilities [{networkConnectionEnabled=false, chrome={chromedriverVersion=94.0.4606.61 (418b78f5838ed0b1c69bb4e51ea0252171854915-refs/branch-heads/4606@{#1204}), userDataDir=/var/folders/nb/gz7_4rn10cvf559z4vwf5yww0000gn/T/.com.google.Chrome.vYcRZu}, timeouts={implicit=0, pageLoad=300000, script=30000}, pageLoadStrategy=normal, unhandledPromptBehavior=dismiss and notify, strictFileInteractability=false, platform=MAC, proxy=Proxy(), goog:chromeOptions={debuggerAddress=localhost:50303}, webauthn:extension:credBlob=true, acceptInsecureCerts=false, browserVersion=95.0.4638.54, browserName=chrome, javascriptEnabled=true, platformName=MAC, setWindowRect=true, webauthn:extension:largeBlob=true, webauthn:virtualAuthenticators=true}]
Session ID: bed72f04a591f36256c6892c824eeffc
at org.openqa.selenium.remote.http.W3CHttpResponseCodec.createException(W3CHttpResponseCodec.java:185)
at org.openqa.selenium.remote.http.W3CHttpResponseCodec.decode(W3CHttpResponseCodec.java:120)
at org.openqa.selenium.remote.http.W3CHttpResponseCodec.decode(W3CHttpResponseCodec.java:49)
at org.openqa.selenium.remote.HttpCommandExecutor.execute(HttpCommandExecutor.java:164)
at org.openqa.selenium.remote.service.DriverCommandExecutor.execute(DriverCommandExecutor.java:83)
at org.openqa.selenium.remote.RemoteWebDriver.execute(RemoteWebDriver.java:586)
at org.openqa.selenium.remote.RemoteWebDriver.executeScript(RemoteWebDriver.java:522)
at MercadoLibreBuscarProducto.scrollear(MercadoLibreBuscarProducto.java:31)
at MercadoLibre.searchProduct(MercadoLibre.java:45)
at java.base/java.util.concurrent.ThreadPoolExecutor.runWorker(ThreadPoolExecutor.java:1128)
at java.base/java.util.concurrent.ThreadPoolExecutor$Worker.run(ThreadPoolExecutor.java:628)
at java.base/java.lang.Thread.run(Thread.java:835)
... Removed 17 stack frames]]>
    </failure>
  </testcase> <!-- searchProduct -->
  <testcase classname="YouTube" name="searchVideo" time="18.151"/>
  <testcase classname="Spotify" name="searchSong" time="35.331"/>
</testsuite> <!-- Test -->
